{"level":"error","message":"Something failed miserably Something failed miserably","stack":"Error: Something failed miserably\n    at Object.<anonymous> (D:\\Tutorial\\Node_Tutorial\\Vidly\\index.js:34:26)\n    at Module._compile (node:internal/modules/cjs/loader:1126:14)\n    at Object.Module._extensions..js (node:internal/modules/cjs/loader:1180:10)\n    at Module.load (node:internal/modules/cjs/loader:1004:32)\n    at Function.Module._load (node:internal/modules/cjs/loader:839:12)\n    at Function.executeUserEntryPoint [as runMain] (node:internal/modules/run_main:81:12)\n    at node:internal/main/run_main_module:17:47"}
{"level":"error","message":"useUni is not defined useUni is not defined","stack":"ReferenceError: useUni is not defined\n    at Object.<anonymous> (D:\\Tutorial\\Node_Tutorial\\Vidly\\index.js:42:14)\n    at Module._compile (node:internal/modules/cjs/loader:1126:14)\n    at Object.Module._extensions..js (node:internal/modules/cjs/loader:1180:10)\n    at Module.load (node:internal/modules/cjs/loader:1004:32)\n    at Function.Module._load (node:internal/modules/cjs/loader:839:12)\n    at Function.executeUserEntryPoint [as runMain] (node:internal/modules/run_main:81:12)\n    at node:internal/main/run_main_module:17:47"}
{"errors":{"useUnifiedTopology":{}},"level":"error","message":"useUnifiedTopology: \"useUnifiedTopology\" is not a valid option to set useUnifiedTopology: \"useUnifiedTopology\" is not a valid option to set","stack":"SetOptionError: useUnifiedTopology: \"useUnifiedTopology\" is not a valid option to set\n    at Mongoose.set (D:\\Tutorial\\Node_Tutorial\\Vidly\\node_modules\\mongoose\\lib\\index.js:257:17)\n    at Object.<anonymous> (D:\\Tutorial\\Node_Tutorial\\Vidly\\index.js:42:10)\n    at Module._compile (node:internal/modules/cjs/loader:1126:14)\n    at Object.Module._extensions..js (node:internal/modules/cjs/loader:1180:10)\n    at Module.load (node:internal/modules/cjs/loader:1004:32)\n    at Function.Module._load (node:internal/modules/cjs/loader:839:12)\n    at Function.executeUserEntryPoint [as runMain] (node:internal/modules/run_main:81:12)\n    at node:internal/main/run_main_module:17:47"}
{"errors":{"useUnifiedTopology":{}},"level":"error","message":"useUnifiedTopology: \"useUnifiedTopology\" is not a valid option to set useUnifiedTopology: \"useUnifiedTopology\" is not a valid option to set","stack":"SetOptionError: useUnifiedTopology: \"useUnifiedTopology\" is not a valid option to set\n    at Mongoose.set (D:\\Tutorial\\Node_Tutorial\\Vidly\\node_modules\\mongoose\\lib\\index.js:257:17)\n    at Object.<anonymous> (D:\\Tutorial\\Node_Tutorial\\Vidly\\index.js:41:10)\n    at Module._compile (node:internal/modules/cjs/loader:1126:14)\n    at Object.Module._extensions..js (node:internal/modules/cjs/loader:1180:10)\n    at Module.load (node:internal/modules/cjs/loader:1004:32)\n    at Function.Module._load (node:internal/modules/cjs/loader:839:12)\n    at Function.executeUserEntryPoint [as runMain] (node:internal/modules/run_main:81:12)\n    at node:internal/main/run_main_module:17:47"}
{"errors":{"useUnifiedTopology":{}},"level":"error","message":"useUnifiedTopology: \"useUnifiedTopology\" is not a valid option to set useUnifiedTopology: \"useUnifiedTopology\" is not a valid option to set","stack":"SetOptionError: useUnifiedTopology: \"useUnifiedTopology\" is not a valid option to set\n    at Mongoose.set (D:\\Tutorial\\Node_Tutorial\\Vidly\\node_modules\\mongoose\\lib\\index.js:257:17)\n    at Object.<anonymous> (D:\\Tutorial\\Node_Tutorial\\Vidly\\index.js:42:10)\n    at Module._compile (node:internal/modules/cjs/loader:1126:14)\n    at Object.Module._extensions..js (node:internal/modules/cjs/loader:1180:10)\n    at Module.load (node:internal/modules/cjs/loader:1004:32)\n    at Function.Module._load (node:internal/modules/cjs/loader:839:12)\n    at Function.executeUserEntryPoint [as runMain] (node:internal/modules/run_main:81:12)\n    at node:internal/main/run_main_module:17:47"}
{"level":"error","message":"connect ECONNREFUSED 127.0.0.1:27017 connect ECONNREFUSED 127.0.0.1:27017","reason":{"commonWireVersion":0,"compatible":true,"heartbeatFrequencyMS":10000,"localThresholdMS":15,"logicalSessionTimeoutMinutes":null,"maxElectionId":null,"maxSetVersion":null,"servers":{},"setName":null,"stale":false,"type":"Unknown"},"stack":"MongooseServerSelectionError: connect ECONNREFUSED 127.0.0.1:27017\n    at NativeConnection.Connection.openUri (D:\\Tutorial\\Node_Tutorial\\Vidly\\node_modules\\mongoose\\lib\\connection.js:824:32)\n    at D:\\Tutorial\\Node_Tutorial\\Vidly\\node_modules\\mongoose\\lib\\index.js:413:10\n    at D:\\Tutorial\\Node_Tutorial\\Vidly\\node_modules\\mongoose\\lib\\helpers\\promiseOrCallback.js:41:5\n    at new Promise (<anonymous>)\n    at promiseOrCallback (D:\\Tutorial\\Node_Tutorial\\Vidly\\node_modules\\mongoose\\lib\\helpers\\promiseOrCallback.js:40:10)\n    at Mongoose._promiseOrCallback (D:\\Tutorial\\Node_Tutorial\\Vidly\\node_modules\\mongoose\\lib\\index.js:1266:10)\n    at Mongoose.connect (D:\\Tutorial\\Node_Tutorial\\Vidly\\node_modules\\mongoose\\lib\\index.js:412:20)\n    at module.exports (D:\\Tutorial\\Node_Tutorial\\Vidly\\startup\\db.js:5:14)\n    at Object.<anonymous> (D:\\Tutorial\\Node_Tutorial\\Vidly\\index.js:11:24)\n    at Module._compile (node:internal/modules/cjs/loader:1126:14)"}
{"level":"info","message":"Connected to MongoDB..."}
{"level":"info","message":"Connected to MongoDB..."}
{"level":"info","message":"Connected to MongoDB..."}
{"level":"info","message":"Connected to MongoDB..."}
{"level":"info","message":"Connected to MongoDB..."}
{"level":"info","message":"Connected to MongoDB..."}
{"level":"info","message":"Connected to MongoDB..."}
{"level":"info","message":"Connected to MongoDB..."}
{"level":"info","message":"Connected to MongoDB..."}
{"level":"info","message":"Connected to MongoDB..."}
{"level":"info","message":"Connected to MongoDB..."}
{"level":"info","message":"Connected to MongoDB..."}
{"level":"info","message":"Connected to MongoDB..."}
{"level":"info","message":"Listening to 3000"}
{"level":"info","message":"Connected to MongoDB..."}
{"level":"info","message":"Listening to 3000"}
{"level":"info","message":"Connected to MongoDB..."}
{"level":"info","message":"Listening to 3000"}
{"level":"info","message":"Connected to MongoDB..."}
